<?xml version="1.0" encoding="UTF-8"?>
<!-- Generated by org.testng.reporters.JUnitReportReporter -->
<testsuite hostname="Ritika-Saini" failures="0" tests="1" name="ClarifaiMultipleImages" time="2.047" errors="0" timestamp="20 Sep 2018 12:02:26 GMT" skipped="0">
  <testcase classname="ClarifaiMultipleImages" name="MultipleImages" time="2.047"/>
</testsuite> <!-- ClarifaiMultipleImages -->
